<?xml version="1.0" encoding="UTF-8"?>
<!-- Generated by org.testng.reporters.JUnitReportReporter -->
<testsuite hostname="EC2AMAZ-S11DBRH" failures="0" tests="3" name="parallelScript.Sample2" time="0.007" errors="0" timestamp="2023-08-18T06:03:30 GMT" skipped="0">
  <testcase classname="parallelScript.Sample2" name="PythonTestTest" time="0.003"/>
  <system-out/>
  <testcase classname="parallelScript.Sample2" name="SeleniumTestTest" time="0.001"/>
  <system-out/>
  <testcase classname="parallelScript.Sample2" name="JavaTestTest" time="0.003"/>
  <system-out/>
</testsuite> <!-- parallelScript.Sample2 -->
