<?xml version="1.0" encoding="UTF-8"?>
<!-- Generated by org.testng.reporters.JUnitReportReporter -->
<testsuite hostname="EC2AMAZ-S11DBRH" failures="0" tests="2" name="testNgreports.ReportTest" time="16.950" errors="0" timestamp="2023-08-18T07:00:25 GMT" skipped="0">
  <testcase classname="testNgreports.ReportTest" name="TutorialTest" time="9.446"/>
  <system-out/>
  <testcase classname="testNgreports.ReportTest" name="Cucmber" time="7.504"/>
  <system-out/>
</testsuite> <!-- testNgreports.ReportTest -->
