<?xml version="1.0" encoding="UTF-8"?>
<!-- Generated by org.testng.reporters.JUnitReportReporter -->
<testsuite hostname="EC2AMAZ-S11DBRH" failures="0" tests="3" name="parallelScript.Sample1" time="0.014" errors="0" timestamp="2023-08-18T06:35:48 GMT" skipped="0">
  <testcase classname="parallelScript.Sample1" name="PythonTestTest" time="0.001"/>
  <system-out/>
  <testcase classname="parallelScript.Sample1" name="JavaTestTest" time="0.010"/>
  <system-out/>
  <testcase classname="parallelScript.Sample1" name="SeleniumTestTest" time="0.003"/>
  <system-out/>
</testsuite> <!-- parallelScript.Sample1 -->
