<?xml version="1.0" encoding="UTF-8"?>
<!-- Generated by org.testng.reporters.JUnitReportReporter -->
<testsuite hostname="EC2AMAZ-S11DBRH" failures="0" tests="1" name="parallelScript.ParameterTestTest" time="11.521" errors="0" timestamp="2023-08-18T06:38:51 GMT" skipped="0">
  <testcase classname="parallelScript.ParameterTestTest" name="ParameterTest" time="11.521"/>
  <system-out/>
</testsuite> <!-- parallelScript.ParameterTestTest -->
