<?xml version="1.0" encoding="UTF-8"?>
<!-- Generated by org.testng.reporters.JUnitReportReporter -->
<testsuite hostname="EC2AMAZ-S11DBRH" failures="0" tests="8" name="parallelScript.Sample3" time="0.171" errors="0" timestamp="2023-08-18T06:03:30 GMT" skipped="0">
  <testcase classname="parallelScript.Sample3" name="SeleniumTestTest" time="0.015"/>
  <system-out/>
  <testcase classname="parallelScript.Sample3" name="SeleniumTestTest" time="0.033"/>
  <system-out/>
  <testcase classname="parallelScript.Sample3" name="SeleniumTestTest" time="0.032"/>
  <system-out/>
  <testcase classname="parallelScript.Sample3" name="SeleniumTestTest" time="0.019"/>
  <system-out/>
  <testcase classname="parallelScript.Sample3" name="SeleniumTestTest" time="0.026"/>
  <system-out/>
  <testcase classname="parallelScript.Sample3" name="PythonTestTest" time="0.002"/>
  <system-out/>
  <testcase classname="parallelScript.Sample3" name="SeleniumTestTest" time="0.033"/>
  <system-out/>
  <testcase classname="parallelScript.Sample3" name="JavaTestTest" time="0.011"/>
  <system-out/>
</testsuite> <!-- parallelScript.Sample3 -->
