<?xml version="1.0" encoding="UTF-8"?>
<!-- Generated by org.testng.reporters.JUnitReportReporter -->
<testsuite hostname="EC2AMAZ-S11DBRH" failures="0" tests="2" name="testNgreports.ReportTest" time="23.773" errors="0" timestamp="2023-08-21T04:39:59 GMT" skipped="0">
  <testcase classname="testNgreports.ReportTest" name="TutorialTest" time="7.868"/>
  <system-out/>
  <testcase classname="testNgreports.ReportTest" name="Cucmber" time="15.905"/>
  <system-out/>
</testsuite> <!-- testNgreports.ReportTest -->
