<?xml version="1.0" encoding="UTF-8"?>
<!-- Generated by org.testng.reporters.JUnitReportReporter -->
<testsuite hostname="EC2AMAZ-S11DBRH" failures="0" tests="3" name="grouping.GroupingTestTest" time="0.009" errors="0" timestamp="2023-08-18T05:14:52 GMT" skipped="0">
  <testcase classname="grouping.GroupingTestTest" name="PythonTestTest" time="0.000"/>
  <system-out/>
  <testcase classname="grouping.GroupingTestTest" name="JavaTestTest" time="0.008"/>
  <system-out/>
  <testcase classname="grouping.GroupingTestTest" name="SeleniumTestTest" time="0.001"/>
  <system-out/>
</testsuite> <!-- grouping.GroupingTestTest -->
